<?xml version="1.0" encoding="UTF-8"?>
<testsuite name="src.bookboogie.jpa.tenant.TenantRepositoryTest" tests="1" skipped="0" failures="1" errors="0" timestamp="2016-03-28T13:55:42" hostname="bookboogie" time="0.286">
  <properties/>
  <testcase name="testGetTenantAll" classname="src.bookboogie.jpa.tenant.TenantRepositoryTest" time="0.286">
    <failure message="java.lang.AssertionError: tenants size is bigger than zero&#10;Expected: a value greater than &lt;0&gt;&#10;     but: &lt;0&gt; was equal to &lt;0&gt;" type="java.lang.AssertionError">java.lang.AssertionError: tenants size is bigger than zero
Expected: a value greater than &lt;0&gt;
     but: &lt;0&gt; was equal to &lt;0&gt;
	at org.hamcrest.MatcherAssert.assertThat(MatcherAssert.java:20)
	at src.bookboogie.jpa.tenant.TenantRepositoryTest.testGetTenantAll(TenantRepositoryTest.java:34)
	at sun.reflect.NativeMethodAccessorImpl.invoke0(Native Method)
	at sun.reflect.NativeMethodAccessorImpl.invoke(NativeMethodAccessorImpl.java:62)
	at sun.reflect.DelegatingMethodAccessorImpl.invoke(DelegatingMethodAccessorImpl.java:43)
	at java.lang.reflect.Method.invoke(Method.java:483)
	at org.junit.runners.model.FrameworkMethod$1.runReflectiveCall(FrameworkMethod.java:50)
	at org.junit.internal.runners.model.ReflectiveCallable.run(ReflectiveCallable.java:12)
	at org.junit.runners.model.FrameworkMethod.invokeExplosively(FrameworkMethod.java:47)
	at org.junit.internal.runners.statements.InvokeMethod.evaluate(InvokeMethod.java:17)
	at org.springframework.test.context.junit4.statements.RunBeforeTestMethodCallbacks.evaluate(RunBeforeTestMethodCallbacks.java:75)
	at org.springframework.test.context.junit4.statements.RunAfterTestMethodCallbacks.evaluate(RunAfterTestMethodCallbacks.java:86)
	at org.springframework.test.context.junit4.statements.SpringRepeat.evaluate(SpringRepeat.java:84)
	at org.junit.runners.ParentRunner.runLeaf(ParentRunner.java:325)
	at org.springframework.test.context.junit4.SpringJUnit4ClassRunner.runChild(SpringJUnit4ClassRunner.java:254)
	at org.springframework.test.context.junit4.SpringJUnit4ClassRunner.runChild(SpringJUnit4ClassRunner.java:89)
	at org.junit.runners.ParentRunner$3.run(ParentRunner.java:290)
	at org.junit.runners.ParentRunner$1.schedule(ParentRunner.java:71)
	at org.junit.runners.ParentRunner.runChildren(ParentRunner.java:288)
	at org.junit.runners.ParentRunner.access$000(ParentRunner.java:58)
	at org.junit.runners.ParentRunner$2.evaluate(ParentRunner.java:268)
	at org.springframework.test.context.junit4.statements.RunBeforeTestClassCallbacks.evaluate(RunBeforeTestClassCallbacks.java:61)
	at org.springframework.test.context.junit4.statements.RunAfterTestClassCallbacks.evaluate(RunAfterTestClassCallbacks.java:70)
	at org.junit.runners.ParentRunner.run(ParentRunner.java:363)
	at org.springframework.test.context.junit4.SpringJUnit4ClassRunner.run(SpringJUnit4ClassRunner.java:193)
	at org.gradle.api.internal.tasks.testing.junit.JUnitTestClassExecuter.runTestClass(JUnitTestClassExecuter.java:86)
	at org.gradle.api.internal.tasks.testing.junit.JUnitTestClassExecuter.execute(JUnitTestClassExecuter.java:49)
	at org.gradle.api.internal.tasks.testing.junit.JUnitTestClassProcessor.processTestClass(JUnitTestClassProcessor.java:69)
	at org.gradle.api.internal.tasks.testing.SuiteTestClassProcessor.processTestClass(SuiteTestClassProcessor.java:48)
	at sun.reflect.NativeMethodAccessorImpl.invoke0(Native Method)
	at sun.reflect.NativeMethodAccessorImpl.invoke(NativeMethodAccessorImpl.java:62)
	at sun.reflect.DelegatingMethodAccessorImpl.invoke(DelegatingMethodAccessorImpl.java:43)
	at java.lang.reflect.Method.invoke(Method.java:483)
	at org.gradle.messaging.dispatch.ReflectionDispatch.dispatch(ReflectionDispatch.java:35)
	at org.gradle.messaging.dispatch.ReflectionDispatch.dispatch(ReflectionDispatch.java:24)
	at org.gradle.messaging.dispatch.ContextClassLoaderDispatch.dispatch(ContextClassLoaderDispatch.java:32)
	at org.gradle.messaging.dispatch.ProxyDispatchAdapter$DispatchingInvocationHandler.invoke(ProxyDispatchAdapter.java:93)
	at com.sun.proxy.$Proxy2.processTestClass(Unknown Source)
	at org.gradle.api.internal.tasks.testing.worker.TestWorker.processTestClass(TestWorker.java:105)
	at sun.reflect.NativeMethodAccessorImpl.invoke0(Native Method)
	at sun.reflect.NativeMethodAccessorImpl.invoke(NativeMethodAccessorImpl.java:62)
	at sun.reflect.DelegatingMethodAccessorImpl.invoke(DelegatingMethodAccessorImpl.java:43)
	at java.lang.reflect.Method.invoke(Method.java:483)
	at org.gradle.messaging.dispatch.ReflectionDispatch.dispatch(ReflectionDispatch.java:35)
	at org.gradle.messaging.dispatch.ReflectionDispatch.dispatch(ReflectionDispatch.java:24)
	at org.gradle.messaging.remote.internal.hub.MessageHub$Handler.run(MessageHub.java:360)
	at org.gradle.internal.concurrent.DefaultExecutorFactory$StoppableExecutorImpl$1.run(DefaultExecutorFactory.java:64)
	at java.util.concurrent.ThreadPoolExecutor.runWorker(ThreadPoolExecutor.java:1142)
	at java.util.concurrent.ThreadPoolExecutor$Worker.run(ThreadPoolExecutor.java:617)
	at java.lang.Thread.run(Thread.java:745)
</failure>
  </testcase>
  <system-out><![CDATA[22:55:36.022 [Test worker] DEBUG o.s.t.c.j.SpringJUnit4ClassRunner - SpringJUnit4ClassRunner constructor called with [class src.bookboogie.jpa.tenant.TenantRepositoryTest]
22:55:36.053 [Test worker] DEBUG o.s.test.context.BootstrapUtils - Instantiating CacheAwareContextLoaderDelegate from class [org.springframework.test.context.cache.DefaultCacheAwareContextLoaderDelegate]
22:55:36.065 [Test worker] DEBUG o.s.test.context.BootstrapUtils - Instantiating BootstrapContext using constructor [public org.springframework.test.context.support.DefaultBootstrapContext(java.lang.Class,org.springframework.test.context.CacheAwareContextLoaderDelegate)]
22:55:36.077 [Test worker] DEBUG o.s.test.context.BootstrapUtils - Instantiating TestContextBootstrapper for test class [src.bookboogie.jpa.tenant.TenantRepositoryTest] from class [org.springframework.test.context.support.DefaultTestContextBootstrapper]
22:55:36.117 [Test worker] DEBUG o.s.t.c.s.DefaultTestContextBootstrapper - Found explicit ContextLoader class [org.springframework.boot.test.SpringApplicationContextLoader] for context configuration attributes [ContextConfigurationAttributes@69086311 declaringClass = 'src.bookboogie.jpa.tenant.TenantRepositoryTest', classes = '{class src.bookboogie.jpa.Application}', locations = '{}', inheritLocations = true, initializers = '{}', inheritInitializers = true, name = [null], contextLoaderClass = 'org.springframework.boot.test.SpringApplicationContextLoader']
22:55:36.132 [Test worker] DEBUG o.s.t.c.s.AbstractContextLoader - Did not detect default resource location for test class [src.bookboogie.jpa.tenant.TenantRepositoryTest]: class path resource [src/bookboogie/jpa/tenant/TenantRepositoryTest-context.xml] does not exist
22:55:36.132 [Test worker] DEBUG o.s.t.c.s.AbstractContextLoader - Did not detect default resource location for test class [src.bookboogie.jpa.tenant.TenantRepositoryTest]: class path resource [src/bookboogie/jpa/tenant/TenantRepositoryTestContext.groovy] does not exist
22:55:36.133 [Test worker] INFO  o.s.t.c.s.AbstractContextLoader - Could not detect default resource locations for test class [src.bookboogie.jpa.tenant.TenantRepositoryTest]: no resource found for suffixes {-context.xml, Context.groovy}.
22:55:36.139 [Test worker] DEBUG o.s.t.c.support.ActiveProfilesUtils - Could not find an 'annotation declaring class' for annotation type [org.springframework.test.context.ActiveProfiles] and class [src.bookboogie.jpa.tenant.TenantRepositoryTest]
22:55:36.153 [Test worker] DEBUG o.s.t.c.s.DefaultTestContextBootstrapper - @TestExecutionListeners is not present for class [src.bookboogie.jpa.tenant.TenantRepositoryTest]: using defaults.
22:55:36.176 [Test worker] INFO  o.s.t.c.s.DefaultTestContextBootstrapper - Loaded default TestExecutionListener class names from location [META-INF/spring.factories]: [org.springframework.test.context.web.ServletTestExecutionListener, org.springframework.test.context.support.DirtiesContextBeforeModesTestExecutionListener, org.springframework.test.context.support.DependencyInjectionTestExecutionListener, org.springframework.test.context.support.DirtiesContextTestExecutionListener, org.springframework.test.context.transaction.TransactionalTestExecutionListener, org.springframework.test.context.jdbc.SqlScriptsTestExecutionListener]
22:55:36.226 [Test worker] INFO  o.s.t.c.s.DefaultTestContextBootstrapper - Using TestExecutionListeners: [org.springframework.test.context.web.ServletTestExecutionListener@4751d4db, org.springframework.test.context.support.DirtiesContextBeforeModesTestExecutionListener@686f1cf7, org.springframework.test.context.support.DependencyInjectionTestExecutionListener@27348e69, org.springframework.test.context.support.DirtiesContextTestExecutionListener@6d93cda4, org.springframework.test.context.transaction.TransactionalTestExecutionListener@24ad2bc1, org.springframework.test.context.jdbc.SqlScriptsTestExecutionListener@34b50307]
22:55:36.233 [Test worker] DEBUG o.s.t.annotation.ProfileValueUtils - Retrieved @ProfileValueSourceConfiguration [null] for test class [src.bookboogie.jpa.tenant.TenantRepositoryTest]
22:55:36.234 [Test worker] DEBUG o.s.t.annotation.ProfileValueUtils - Retrieved ProfileValueSource type [class org.springframework.test.annotation.SystemProfileValueSource] for class [src.bookboogie.jpa.tenant.TenantRepositoryTest]
22:55:36.239 [Test worker] DEBUG o.s.t.annotation.ProfileValueUtils - Retrieved @ProfileValueSourceConfiguration [null] for test class [src.bookboogie.jpa.tenant.TenantRepositoryTest]
22:55:36.239 [Test worker] DEBUG o.s.t.annotation.ProfileValueUtils - Retrieved ProfileValueSource type [class org.springframework.test.annotation.SystemProfileValueSource] for class [src.bookboogie.jpa.tenant.TenantRepositoryTest]
22:55:36.241 [Test worker] DEBUG o.s.t.annotation.ProfileValueUtils - Retrieved @ProfileValueSourceConfiguration [null] for test class [src.bookboogie.jpa.tenant.TenantRepositoryTest]
22:55:36.242 [Test worker] DEBUG o.s.t.annotation.ProfileValueUtils - Retrieved ProfileValueSource type [class org.springframework.test.annotation.SystemProfileValueSource] for class [src.bookboogie.jpa.tenant.TenantRepositoryTest]
22:55:36.248 [Test worker] DEBUG o.s.t.c.s.AbstractDirtiesContextTestExecutionListener - Before test class: context [DefaultTestContext@29c3f6b7 testClass = TenantRepositoryTest, testInstance = [null], testMethod = [null], testException = [null], mergedContextConfiguration = [MergedContextConfiguration@7f0daa92 testClass = TenantRepositoryTest, locations = '{}', classes = '{class src.bookboogie.jpa.Application}', contextInitializerClasses = '[]', activeProfiles = '{}', propertySourceLocations = '{}', propertySourceProperties = '{}', contextLoader = 'org.springframework.boot.test.SpringApplicationContextLoader', parent = [null]]], class annotated with @DirtiesContext [false] with mode [null].
22:55:36.253 [Test worker] DEBUG o.s.t.annotation.ProfileValueUtils - Retrieved @ProfileValueSourceConfiguration [null] for test class [src.bookboogie.jpa.tenant.TenantRepositoryTest]
22:55:36.260 [Test worker] DEBUG o.s.t.annotation.ProfileValueUtils - Retrieved ProfileValueSource type [class org.springframework.test.annotation.SystemProfileValueSource] for class [src.bookboogie.jpa.tenant.TenantRepositoryTest]
22:55:36.268 [Test worker] DEBUG o.s.t.c.s.DependencyInjectionTestExecutionListener - Performing dependency injection for test context [[DefaultTestContext@29c3f6b7 testClass = TenantRepositoryTest, testInstance = src.bookboogie.jpa.tenant.TenantRepositoryTest@2e677d90, testMethod = [null], testException = [null], mergedContextConfiguration = [MergedContextConfiguration@7f0daa92 testClass = TenantRepositoryTest, locations = '{}', classes = '{class src.bookboogie.jpa.Application}', contextInitializerClasses = '[]', activeProfiles = '{}', propertySourceLocations = '{}', propertySourceProperties = '{}', contextLoader = 'org.springframework.boot.test.SpringApplicationContextLoader', parent = [null]]]].
22:55:36.395 [Test worker] DEBUG o.s.core.env.StandardEnvironment - Adding [systemProperties] PropertySource with lowest search precedence
22:55:36.403 [Test worker] DEBUG o.s.core.env.StandardEnvironment - Adding [systemEnvironment] PropertySource with lowest search precedence
22:55:36.403 [Test worker] DEBUG o.s.core.env.StandardEnvironment - Initialized StandardEnvironment with PropertySources [systemProperties,systemEnvironment]
22:55:36.405 [Test worker] DEBUG o.s.core.env.StandardEnvironment - Adding [integrationTest] PropertySource with search precedence immediately lower than [systemEnvironment]

  .   ____          _            __ _ _
 /\\ / ___'_ __ _ _(_)_ __  __ _ \ \ \ \
( ( )\___ | '_ | '_| | '_ \/ _` | \ \ \ \
 \\/  ___)| |_)| | | | | || (_| |  ) ) ) )
  '  |____| .__|_| |_|_| |_\__, | / / / /
 =========|_|==============|___/=/_/_/_/
 :: Spring Boot ::        (v1.3.3.RELEASE)

2016-03-28 22:55:37.201  INFO 13095 --- [    Test worker] s.b.jpa.tenant.TenantRepositoryTest      : Starting TenantRepositoryTest on bookboogie with PID 13095 (/Users/bookboogie/j/awesome_jpa/build/classes/test started by bookboogie in /Users/bookboogie/j/awesome_jpa)
2016-03-28 22:55:37.201  INFO 13095 --- [    Test worker] s.b.jpa.tenant.TenantRepositoryTest      : No active profile set, falling back to default profiles: default
2016-03-28 22:55:37.310  INFO 13095 --- [    Test worker] s.c.a.AnnotationConfigApplicationContext : Refreshing org.springframework.context.annotation.AnnotationConfigApplicationContext@117d01d1: startup date [Mon Mar 28 22:55:37 KST 2016]; root of context hierarchy
2016-03-28 22:55:39.205  INFO 13095 --- [    Test worker] j.LocalContainerEntityManagerFactoryBean : Building JPA container EntityManagerFactory for persistence unit 'default'
2016-03-28 22:55:39.248  INFO 13095 --- [    Test worker] o.hibernate.jpa.internal.util.LogHelper  : HHH000204: Processing PersistenceUnitInfo [
	name: default
	...]
2016-03-28 22:55:39.388  INFO 13095 --- [    Test worker] org.hibernate.Version                    : HHH000412: Hibernate Core {4.3.11.Final}
2016-03-28 22:55:39.392  INFO 13095 --- [    Test worker] org.hibernate.cfg.Environment            : HHH000206: hibernate.properties not found
2016-03-28 22:55:39.399  INFO 13095 --- [    Test worker] org.hibernate.cfg.Environment            : HHH000021: Bytecode provider name : javassist
2016-03-28 22:55:39.665  INFO 13095 --- [    Test worker] o.hibernate.annotations.common.Version   : HCANN000001: Hibernate Commons Annotations {4.0.5.Final}
2016-03-28 22:55:40.182  INFO 13095 --- [    Test worker] org.hibernate.dialect.Dialect            : HHH000400: Using dialect: org.hibernate.dialect.PostgreSQL9Dialect
2016-03-28 22:55:40.230  INFO 13095 --- [    Test worker] o.h.e.jdbc.internal.LobCreatorBuilder    : HHH000424: Disabling contextual LOB creation as createClob() method threw error : java.lang.reflect.InvocationTargetException
2016-03-28 22:55:40.460  INFO 13095 --- [    Test worker] o.h.h.i.ast.ASTQueryTranslatorFactory    : HHH000397: Using ASTQueryTranslatorFactory
2016-03-28 22:55:40.916  INFO 13095 --- [    Test worker] o.h.tool.hbm2ddl.SchemaValidator         : HHH000229: Running schema validator
2016-03-28 22:55:40.917  INFO 13095 --- [    Test worker] o.h.tool.hbm2ddl.SchemaValidator         : HHH000102: Fetching database metadata
2016-03-28 22:55:40.940  INFO 13095 --- [    Test worker] o.hibernate.tool.hbm2ddl.TableMetadata   : HHH000261: Table found: public.system
2016-03-28 22:55:40.940  INFO 13095 --- [    Test worker] o.hibernate.tool.hbm2ddl.TableMetadata   : HHH000037: Columns: [tenant_id, jdbc_name, database_name, jdbc_pw, system_name, schema_name, jdbc_url, seq]
2016-03-28 22:55:40.951  INFO 13095 --- [    Test worker] o.hibernate.tool.hbm2ddl.TableMetadata   : HHH000261: Table found: public.tenant
2016-03-28 22:55:40.952  INFO 13095 --- [    Test worker] o.hibernate.tool.hbm2ddl.TableMetadata   : HHH000037: Columns: [tenant_id, tenant_name, super_tenant_yn, super_tenant_id]
2016-03-28 22:55:42.123  INFO 13095 --- [    Test worker] s.b.jpa.tenant.TenantRepositoryTest      : Started TenantRepositoryTest in 5.713 seconds (JVM running for 7.433)
Hibernate: select tenant0_.tenant_id as tenant_i1_1_, tenant0_.super_tenant_id as super_te2_1_, tenant0_.super_tenant_yn as super_te3_1_, tenant0_.tenant_name as tenant_n4_1_ from tenant tenant0_ right outer join system systems1_ on tenant0_.tenant_id=systems1_.tenant_id
]]></system-out>
  <system-err><![CDATA[]]></system-err>
</testsuite>
