<?xml version="1.0" encoding="UTF-8"?>
<testsuite name="src.bookboogie.jpa.tenant.TenantServiceTest" tests="1" skipped="0" failures="0" errors="0" timestamp="2016-03-27T14:40:03" hostname="bookboogie" time="0.3">
  <properties/>
  <testcase name="테넌트_추가_테스트" classname="src.bookboogie.jpa.tenant.TenantServiceTest" time="0.3"/>
  <system-out><![CDATA[23:39:58.704 [Test worker] DEBUG o.s.t.c.j.SpringJUnit4ClassRunner - SpringJUnit4ClassRunner constructor called with [class src.bookboogie.jpa.tenant.TenantServiceTest]
23:39:58.704 [Test worker] DEBUG o.s.test.context.BootstrapUtils - Instantiating CacheAwareContextLoaderDelegate from class [org.springframework.test.context.cache.DefaultCacheAwareContextLoaderDelegate]
23:39:58.704 [Test worker] DEBUG o.s.test.context.BootstrapUtils - Instantiating BootstrapContext using constructor [public org.springframework.test.context.support.DefaultBootstrapContext(java.lang.Class,org.springframework.test.context.CacheAwareContextLoaderDelegate)]
23:39:58.705 [Test worker] DEBUG o.s.test.context.BootstrapUtils - Instantiating TestContextBootstrapper for test class [src.bookboogie.jpa.tenant.TenantServiceTest] from class [org.springframework.test.context.support.DefaultTestContextBootstrapper]
23:39:58.723 [Test worker] DEBUG o.s.t.c.s.DefaultTestContextBootstrapper - Found explicit ContextLoader class [org.springframework.boot.test.SpringApplicationContextLoader] for context configuration attributes [ContextConfigurationAttributes@5f10bdef declaringClass = 'src.bookboogie.jpa.tenant.TenantServiceTest', classes = '{class src.bookboogie.jpa.Application}', locations = '{}', inheritLocations = true, initializers = '{}', inheritInitializers = true, name = [null], contextLoaderClass = 'org.springframework.boot.test.SpringApplicationContextLoader']
23:39:58.728 [Test worker] DEBUG o.s.t.c.s.AbstractContextLoader - Did not detect default resource location for test class [src.bookboogie.jpa.tenant.TenantServiceTest]: class path resource [src/bookboogie/jpa/tenant/TenantServiceTest-context.xml] does not exist
23:39:58.735 [Test worker] DEBUG o.s.t.c.s.AbstractContextLoader - Did not detect default resource location for test class [src.bookboogie.jpa.tenant.TenantServiceTest]: class path resource [src/bookboogie/jpa/tenant/TenantServiceTestContext.groovy] does not exist
23:39:58.736 [Test worker] INFO  o.s.t.c.s.AbstractContextLoader - Could not detect default resource locations for test class [src.bookboogie.jpa.tenant.TenantServiceTest]: no resource found for suffixes {-context.xml, Context.groovy}.
23:39:58.739 [Test worker] DEBUG o.s.t.c.support.ActiveProfilesUtils - Could not find an 'annotation declaring class' for annotation type [org.springframework.test.context.ActiveProfiles] and class [src.bookboogie.jpa.tenant.TenantServiceTest]
23:39:58.746 [Test worker] DEBUG o.s.t.c.s.DefaultTestContextBootstrapper - @TestExecutionListeners is not present for class [src.bookboogie.jpa.tenant.TenantServiceTest]: using defaults.
23:39:58.753 [Test worker] INFO  o.s.t.c.s.DefaultTestContextBootstrapper - Loaded default TestExecutionListener class names from location [META-INF/spring.factories]: [org.springframework.test.context.web.ServletTestExecutionListener, org.springframework.test.context.support.DirtiesContextBeforeModesTestExecutionListener, org.springframework.test.context.support.DependencyInjectionTestExecutionListener, org.springframework.test.context.support.DirtiesContextTestExecutionListener, org.springframework.test.context.transaction.TransactionalTestExecutionListener, org.springframework.test.context.jdbc.SqlScriptsTestExecutionListener]
23:39:58.753 [Test worker] INFO  o.s.t.c.s.DefaultTestContextBootstrapper - Using TestExecutionListeners: [org.springframework.test.context.web.ServletTestExecutionListener@5f27da51, org.springframework.test.context.support.DirtiesContextBeforeModesTestExecutionListener@50f1693b, org.springframework.test.context.support.DependencyInjectionTestExecutionListener@26ce54bf, org.springframework.test.context.support.DirtiesContextTestExecutionListener@b59dc00, org.springframework.test.context.transaction.TransactionalTestExecutionListener@6a4d7a68, org.springframework.test.context.jdbc.SqlScriptsTestExecutionListener@312e6eab]
23:39:58.755 [Test worker] DEBUG o.s.t.annotation.ProfileValueUtils - Retrieved @ProfileValueSourceConfiguration [null] for test class [src.bookboogie.jpa.tenant.TenantServiceTest]
23:39:58.756 [Test worker] DEBUG o.s.t.annotation.ProfileValueUtils - Retrieved ProfileValueSource type [class org.springframework.test.annotation.SystemProfileValueSource] for class [src.bookboogie.jpa.tenant.TenantServiceTest]
23:39:58.759 [Test worker] DEBUG o.s.t.annotation.ProfileValueUtils - Retrieved @ProfileValueSourceConfiguration [null] for test class [src.bookboogie.jpa.tenant.TenantServiceTest]
23:39:58.760 [Test worker] DEBUG o.s.t.annotation.ProfileValueUtils - Retrieved ProfileValueSource type [class org.springframework.test.annotation.SystemProfileValueSource] for class [src.bookboogie.jpa.tenant.TenantServiceTest]
23:39:58.762 [Test worker] DEBUG o.s.t.annotation.ProfileValueUtils - Retrieved @ProfileValueSourceConfiguration [null] for test class [src.bookboogie.jpa.tenant.TenantServiceTest]
23:39:58.764 [Test worker] DEBUG o.s.t.annotation.ProfileValueUtils - Retrieved ProfileValueSource type [class org.springframework.test.annotation.SystemProfileValueSource] for class [src.bookboogie.jpa.tenant.TenantServiceTest]
23:39:58.770 [Test worker] DEBUG o.s.t.c.s.AbstractDirtiesContextTestExecutionListener - Before test class: context [DefaultTestContext@670fcb08 testClass = TenantServiceTest, testInstance = [null], testMethod = [null], testException = [null], mergedContextConfiguration = [MergedContextConfiguration@c177748 testClass = TenantServiceTest, locations = '{}', classes = '{class src.bookboogie.jpa.Application}', contextInitializerClasses = '[]', activeProfiles = '{}', propertySourceLocations = '{}', propertySourceProperties = '{}', contextLoader = 'org.springframework.boot.test.SpringApplicationContextLoader', parent = [null]]], class annotated with @DirtiesContext [false] with mode [null].
23:39:58.773 [Test worker] DEBUG o.s.t.annotation.ProfileValueUtils - Retrieved @ProfileValueSourceConfiguration [null] for test class [src.bookboogie.jpa.tenant.TenantServiceTest]
23:39:58.780 [Test worker] DEBUG o.s.t.annotation.ProfileValueUtils - Retrieved ProfileValueSource type [class org.springframework.test.annotation.SystemProfileValueSource] for class [src.bookboogie.jpa.tenant.TenantServiceTest]
23:39:58.784 [Test worker] DEBUG o.s.t.c.s.DependencyInjectionTestExecutionListener - Performing dependency injection for test context [[DefaultTestContext@670fcb08 testClass = TenantServiceTest, testInstance = src.bookboogie.jpa.tenant.TenantServiceTest@7fceee0a, testMethod = [null], testException = [null], mergedContextConfiguration = [MergedContextConfiguration@c177748 testClass = TenantServiceTest, locations = '{}', classes = '{class src.bookboogie.jpa.Application}', contextInitializerClasses = '[]', activeProfiles = '{}', propertySourceLocations = '{}', propertySourceProperties = '{}', contextLoader = 'org.springframework.boot.test.SpringApplicationContextLoader', parent = [null]]]].
23:39:58.926 [Test worker] DEBUG o.s.core.env.StandardEnvironment - Adding [systemProperties] PropertySource with lowest search precedence
23:39:58.928 [Test worker] DEBUG o.s.core.env.StandardEnvironment - Adding [systemEnvironment] PropertySource with lowest search precedence
23:39:58.929 [Test worker] DEBUG o.s.core.env.StandardEnvironment - Initialized StandardEnvironment with PropertySources [systemProperties,systemEnvironment]
23:39:58.940 [Test worker] DEBUG o.s.core.env.StandardEnvironment - Adding [integrationTest] PropertySource with search precedence immediately lower than [systemEnvironment]

  .   ____          _            __ _ _
 /\\ / ___'_ __ _ _(_)_ __  __ _ \ \ \ \
( ( )\___ | '_ | '_| | '_ \/ _` | \ \ \ \
 \\/  ___)| |_)| | | | | || (_| |  ) ) ) )
  '  |____| .__|_| |_|_| |_\__, | / / / /
 =========|_|==============|___/=/_/_/_/
 :: Spring Boot ::        (v1.3.3.RELEASE)

2016-03-27 23:39:59.592  INFO 12043 --- [    Test worker] s.b.jpa.tenant.TenantServiceTest         : Starting TenantServiceTest on bookboogie with PID 12043 (/Users/bookboogie/j/awesome_jpa/build/classes/test started by bookboogie in /Users/bookboogie/j/awesome_jpa)
2016-03-27 23:39:59.592  INFO 12043 --- [    Test worker] s.b.jpa.tenant.TenantServiceTest         : No active profile set, falling back to default profiles: default
2016-03-27 23:39:59.672  INFO 12043 --- [    Test worker] s.c.a.AnnotationConfigApplicationContext : Refreshing org.springframework.context.annotation.AnnotationConfigApplicationContext@6878cd19: startup date [Sun Mar 27 23:39:59 KST 2016]; root of context hierarchy
2016-03-27 23:40:01.576  INFO 12043 --- [    Test worker] j.LocalContainerEntityManagerFactoryBean : Building JPA container EntityManagerFactory for persistence unit 'default'
2016-03-27 23:40:01.600  INFO 12043 --- [    Test worker] o.hibernate.jpa.internal.util.LogHelper  : HHH000204: Processing PersistenceUnitInfo [
	name: default
	...]
2016-03-27 23:40:01.666  INFO 12043 --- [    Test worker] org.hibernate.Version                    : HHH000412: Hibernate Core {4.3.11.Final}
2016-03-27 23:40:01.668  INFO 12043 --- [    Test worker] org.hibernate.cfg.Environment            : HHH000206: hibernate.properties not found
2016-03-27 23:40:01.673  INFO 12043 --- [    Test worker] org.hibernate.cfg.Environment            : HHH000021: Bytecode provider name : javassist
2016-03-27 23:40:01.929  INFO 12043 --- [    Test worker] o.hibernate.annotations.common.Version   : HCANN000001: Hibernate Commons Annotations {4.0.5.Final}
2016-03-27 23:40:02.390  INFO 12043 --- [    Test worker] org.hibernate.dialect.Dialect            : HHH000400: Using dialect: org.hibernate.dialect.PostgreSQL9Dialect
2016-03-27 23:40:02.408  INFO 12043 --- [    Test worker] o.h.e.jdbc.internal.LobCreatorBuilder    : HHH000424: Disabling contextual LOB creation as createClob() method threw error : java.lang.reflect.InvocationTargetException
2016-03-27 23:40:02.773  INFO 12043 --- [    Test worker] o.h.h.i.ast.ASTQueryTranslatorFactory    : HHH000397: Using ASTQueryTranslatorFactory
2016-03-27 23:40:03.088  INFO 12043 --- [    Test worker] org.hibernate.tool.hbm2ddl.SchemaExport  : HHH000227: Running hbm2ddl schema export
Hibernate: alter table system drop constraint if exists FK_mry1vragivqg9vrby0kw23ykr
Hibernate: drop table system cascade
Hibernate: drop table tenant cascade
Hibernate: drop sequence hibernate_sequence
Hibernate: create table system (seq int8 not null, tenant_id int8 not null, database_name varchar(255), jdbc_name varchar(255), jdbc_pw varchar(255), jdbc_url varchar(255), schema_name varchar(255), system_name varchar(255), primary key (seq, tenant_id))
Hibernate: create table tenant (tenant_id int8 not null, super_tenant_id varchar(255), super_tenant_yn varchar(255), tenant_name varchar(255), primary key (tenant_id))
Hibernate: alter table system add constraint FK_mry1vragivqg9vrby0kw23ykr foreign key (tenant_id) references tenant
Hibernate: create sequence hibernate_sequence
2016-03-27 23:40:03.117  INFO 12043 --- [    Test worker] org.hibernate.tool.hbm2ddl.SchemaExport  : HHH000230: Schema export complete
2016-03-27 23:40:03.966  INFO 12043 --- [    Test worker] s.b.jpa.tenant.TenantServiceTest         : Started TenantServiceTest in 5.022 seconds (JVM running for 6.291)
Hibernate: select nextval ('hibernate_sequence')
Hibernate: insert into tenant (super_tenant_id, super_tenant_yn, tenant_name, tenant_id) values (?, ?, ?, ?)
Hibernate: select tenant0_.tenant_id as tenant_i1_1_, tenant0_.super_tenant_id as super_te2_1_, tenant0_.super_tenant_yn as super_te3_1_, tenant0_.tenant_name as tenant_n4_1_ from tenant tenant0_ where tenant0_.tenant_id=?
Hibernate: select systems0_.tenant_id as tenant_i2_1_0_, systems0_.seq as seq1_0_0_, systems0_.tenant_id as tenant_i2_0_0_, systems0_.seq as seq1_0_1_, systems0_.tenant_id as tenant_i2_0_1_, systems0_.database_name as database3_0_1_, systems0_.jdbc_name as jdbc_nam4_0_1_, systems0_.jdbc_pw as jdbc_pw5_0_1_, systems0_.jdbc_url as jdbc_url6_0_1_, systems0_.schema_name as schema_n7_0_1_, systems0_.system_name as system_n8_0_1_ from system systems0_ where systems0_.tenant_id=?
]]></system-out>
  <system-err><![CDATA[]]></system-err>
</testsuite>
